           1  0.18511262832018621        720.64920849933696     
           2  0.40896487849167584        720.64933753618925     
           3  0.64071635842660901        720.64952520545057     
           4  0.89271278829697487        720.64977929207544     
           5   1.1764289508546950        720.65011939795386     
           6   1.5078556814190747        720.65058129643489     
           7   1.9104353122480218        720.65122689707994     
           8   2.4188665025497005        720.65216253793903     
           9   3.0846380410801126        720.65357214073731     
          10   3.9842237415153998        720.65577776380121     
          11   5.2312628160215873        720.65935122159476     
          12   6.9946761085289166        720.66532138685352     
          13   9.5256069301248978        720.67556126939542     
          14   13.197474284197156        720.69351340872299     
          15   18.565512390854327        720.72555252835684     
          16   26.455277593505464        720.78354915990019     
          17   38.094224807060378        720.88969655551784     
          18   55.307323541232229        721.08559949414371     
          19   80.807890934310208        721.44937120919667     
          20   118.62999322797710        722.12770722330833     
          21   174.77132704795412        723.39570069470324     
          22   258.14903382500717        725.76704766294051     
          23   382.02077040224816        730.19216886143693     
          24   566.09750376711133        738.39697142135572     
          25   839.68473385636719        753.40351241941096     
          26   1246.3527430942104        780.14862865083978     
          27   1850.8801436418066        825.23511228297480     
          28   2749.5772759021070        877.63817957610388     
          29   4085.6346395361702        937.32437896982754     
          30   6071.9423491395810        1004.4395728537997     
          31   9025.0172214796512        1079.0111367221386     
          32   13415.444261312388        1160.1704842057907     
          33   19942.871118640363        1244.0760007369820     
          34   29647.506957777478        1319.5585006234433     
          35   44075.894679207689        1367.9110269526025     
          36   65527.374670971272        1388.6379128796505     
          37   97420.517616719590        1417.7603229718497     
          38   144837.92267423347        1470.0814468884871     
          39   215336.20241345561        1528.9105765637037     
          40   320150.23720961617        1572.9117122793432     
          41   475983.61426904664        1590.1204758590115     
          42   707670.58337828587        1592.6415873748574     
          43   1052133.7501335305        1593.1652608195241     
          44   1564268.2217247020        1594.0173162075441     
          45   2325689.9281419725        1595.5614627955213     
          46   3457742.2890295689        1598.3698529888495     
          47   5140834.0247528767        1603.4852179495167     
          48   7643189.8687115554        1612.7900485286536     
          49   11363596.018499609        1629.6210046896638     
          50   16894952.425496761        1659.7105853415881     
          51   25118759.890049186        1712.4739603415937     
          52   37345599.833529159        1802.6891011935556     
          53   55523994.210053854        1953.6026650924550     
          54   82550925.975159466        2161.4095860390789     
